{"F:\\Documents\\Code\\Hacktiv8\\PHASE 2\\IP\\IP-HCK71\\server\\app.js": {"path":"F:\\Documents\\Code\\Hacktiv8\\PHASE 2\\IP\\IP-HCK71\\server\\app.js","statementMap":{"0":{"start":{"line":1,"column":0},"end":{"line":3,"column":1}},"1":{"start":{"line":2,"column":4},"end":{"line":2,"column":31}},"2":{"start":{"line":5,"column":16},"end":{"line":5,"column":34}},"3":{"start":{"line":6,"column":12},"end":{"line":6,"column":21}},"4":{"start":{"line":7,"column":15},"end":{"line":7,"column":35}},"5":{"start":{"line":9,"column":13},"end":{"line":9,"column":28}},"6":{"start":{"line":11,"column":0},"end":{"line":11,"column":16}},"7":{"start":{"line":13,"column":0},"end":{"line":13,"column":48}},"8":{"start":{"line":14,"column":0},"end":{"line":14,"column":24}},"9":{"start":{"line":16,"column":0},"end":{"line":16,"column":21}},"10":{"start":{"line":18,"column":0},"end":{"line":18,"column":21}}},"fnMap":{},"branchMap":{"0":{"loc":{"start":{"line":1,"column":0},"end":{"line":3,"column":1}},"type":"if","locations":[{"start":{"line":1,"column":0},"end":{"line":3,"column":1}},{"start":{},"end":{}}],"line":1}},"s":{"0":2,"1":2,"2":2,"3":2,"4":2,"5":2,"6":2,"7":2,"8":2,"9":2,"10":2},"f":{},"b":{"0":[2,0]},"_coverageSchema":"1a1c01bbd47fc00a2c39e90264f33305004495a9","hash":"14b96aec7fcefc1914516915d10f87474bf11c4b"}
,"F:\\Documents\\Code\\Hacktiv8\\PHASE 2\\IP\\IP-HCK71\\server\\controllers\\controller.js": {"path":"F:\\Documents\\Code\\Hacktiv8\\PHASE 2\\IP\\IP-HCK71\\server\\controllers\\controller.js","statementMap":{"0":{"start":{"line":1,"column":42},"end":{"line":1,"column":70}},"1":{"start":{"line":2,"column":35},"end":{"line":2,"column":60}},"2":{"start":{"line":4,"column":38},"end":{"line":4,"column":58}},"3":{"start":{"line":5,"column":15},"end":{"line":5,"column":35}},"4":{"start":{"line":7,"column":25},"end":{"line":7,"column":55}},"5":{"start":{"line":8,"column":15},"end":{"line":8,"column":33}},"6":{"start":{"line":9,"column":23},"end":{"line":9,"column":49}},"7":{"start":{"line":10,"column":14},"end":{"line":10,"column":30}},"8":{"start":{"line":15,"column":8},"end":{"line":46,"column":9}},"9":{"start":{"line":16,"column":45},"end":{"line":16,"column":54}},"10":{"start":{"line":17,"column":27},"end":{"line":19,"column":13}},"11":{"start":{"line":21,"column":12},"end":{"line":25,"column":13}},"12":{"start":{"line":22,"column":16},"end":{"line":24,"column":17}},"13":{"start":{"line":27,"column":12},"end":{"line":32,"column":13}},"14":{"start":{"line":28,"column":30},"end":{"line":28,"column":62}},"15":{"start":{"line":29,"column":35},"end":{"line":29,"column":74}},"16":{"start":{"line":31,"column":16},"end":{"line":31,"column":53}},"17":{"start":{"line":34,"column":12},"end":{"line":38,"column":13}},"18":{"start":{"line":35,"column":16},"end":{"line":37,"column":17}},"19":{"start":{"line":40,"column":32},"end":{"line":40,"column":60}},"20":{"start":{"line":41,"column":12},"end":{"line":41,"column":46}},"21":{"start":{"line":44,"column":12},"end":{"line":44,"column":30}},"22":{"start":{"line":45,"column":12},"end":{"line":45,"column":24}},"23":{"start":{"line":50,"column":8},"end":{"line":62,"column":9}},"24":{"start":{"line":51,"column":27},"end":{"line":51,"column":37}},"25":{"start":{"line":52,"column":35},"end":{"line":52,"column":60}},"26":{"start":{"line":54,"column":12},"end":{"line":56,"column":13}},"27":{"start":{"line":55,"column":16},"end":{"line":55,"column":48}},"28":{"start":{"line":58,"column":12},"end":{"line":58,"column":48}},"29":{"start":{"line":61,"column":12},"end":{"line":61,"column":24}},"30":{"start":{"line":68,"column":8},"end":{"line":78,"column":9}},"31":{"start":{"line":69,"column":46},"end":{"line":69,"column":54}},"32":{"start":{"line":70,"column":25},"end":{"line":70,"column":69}},"33":{"start":{"line":71,"column":12},"end":{"line":74,"column":15}},"34":{"start":{"line":77,"column":12},"end":{"line":77,"column":24}},"35":{"start":{"line":82,"column":8},"end":{"line":105,"column":9}},"36":{"start":{"line":83,"column":40},"end":{"line":83,"column":48}},"37":{"start":{"line":85,"column":12},"end":{"line":87,"column":13}},"38":{"start":{"line":86,"column":16},"end":{"line":86,"column":51}},"39":{"start":{"line":91,"column":12},"end":{"line":95,"column":13}},"40":{"start":{"line":92,"column":16},"end":{"line":92,"column":68}},"41":{"start":{"line":94,"column":16},"end":{"line":94,"column":48}},"42":{"start":{"line":97,"column":12},"end":{"line":99,"column":13}},"43":{"start":{"line":98,"column":16},"end":{"line":98,"column":47}},"44":{"start":{"line":101,"column":12},"end":{"line":101,"column":83}},"45":{"start":{"line":104,"column":12},"end":{"line":104,"column":24}},"46":{"start":{"line":109,"column":8},"end":{"line":124,"column":9}},"47":{"start":{"line":110,"column":30},"end":{"line":110,"column":38}},"48":{"start":{"line":111,"column":29},"end":{"line":111,"column":69}},"49":{"start":{"line":113,"column":12},"end":{"line":115,"column":13}},"50":{"start":{"line":114,"column":16},"end":{"line":114,"column":68}},"51":{"start":{"line":117,"column":26},"end":{"line":117,"column":77}},"52":{"start":{"line":118,"column":25},"end":{"line":118,"column":87}},"53":{"start":{"line":120,"column":12},"end":{"line":120,"column":46}},"54":{"start":{"line":123,"column":12},"end":{"line":123,"column":23}},"55":{"start":{"line":128,"column":8},"end":{"line":147,"column":9}},"56":{"start":{"line":129,"column":38},"end":{"line":129,"column":48}},"57":{"start":{"line":131,"column":29},"end":{"line":131,"column":74}},"58":{"start":{"line":133,"column":12},"end":{"line":135,"column":13}},"59":{"start":{"line":134,"column":16},"end":{"line":134,"column":68}},"60":{"start":{"line":137,"column":27},"end":{"line":137,"column":45}},"61":{"start":{"line":139,"column":12},"end":{"line":141,"column":13}},"62":{"start":{"line":140,"column":16},"end":{"line":140,"column":53}},"63":{"start":{"line":143,"column":12},"end":{"line":143,"column":45}},"64":{"start":{"line":146,"column":12},"end":{"line":146,"column":24}},"65":{"start":{"line":151,"column":8},"end":{"line":174,"column":9}},"66":{"start":{"line":152,"column":38},"end":{"line":152,"column":48}},"67":{"start":{"line":153,"column":33},"end":{"line":153,"column":41}},"68":{"start":{"line":155,"column":29},"end":{"line":155,"column":74}},"69":{"start":{"line":157,"column":12},"end":{"line":159,"column":13}},"70":{"start":{"line":158,"column":16},"end":{"line":158,"column":68}},"71":{"start":{"line":161,"column":27},"end":{"line":161,"column":45}},"72":{"start":{"line":163,"column":12},"end":{"line":163,"column":32}},"73":{"start":{"line":164,"column":12},"end":{"line":166,"column":13}},"74":{"start":{"line":165,"column":16},"end":{"line":165,"column":75}},"75":{"start":{"line":168,"column":12},"end":{"line":168,"column":71}},"76":{"start":{"line":169,"column":12},"end":{"line":169,"column":66}},"77":{"start":{"line":173,"column":12},"end":{"line":173,"column":24}},"78":{"start":{"line":178,"column":8},"end":{"line":186,"column":9}},"79":{"start":{"line":179,"column":27},"end":{"line":179,"column":35}},"80":{"start":{"line":180,"column":33},"end":{"line":180,"column":56}},"81":{"start":{"line":182,"column":12},"end":{"line":182,"column":130}},"82":{"start":{"line":185,"column":12},"end":{"line":185,"column":24}},"83":{"start":{"line":190,"column":8},"end":{"line":208,"column":9}},"84":{"start":{"line":191,"column":27},"end":{"line":191,"column":35}},"85":{"start":{"line":192,"column":33},"end":{"line":192,"column":56}},"86":{"start":{"line":194,"column":69},"end":{"line":194,"column":77}},"87":{"start":{"line":196,"column":12},"end":{"line":200,"column":13}},"88":{"start":{"line":197,"column":16},"end":{"line":197,"column":50}},"89":{"start":{"line":198,"column":19},"end":{"line":200,"column":13}},"90":{"start":{"line":199,"column":16},"end":{"line":199,"column":81}},"91":{"start":{"line":202,"column":12},"end":{"line":202,"column":112}},"92":{"start":{"line":204,"column":12},"end":{"line":204,"column":83}},"93":{"start":{"line":207,"column":12},"end":{"line":207,"column":24}},"94":{"start":{"line":212,"column":8},"end":{"line":225,"column":9}},"95":{"start":{"line":213,"column":27},"end":{"line":213,"column":35}},"96":{"start":{"line":214,"column":33},"end":{"line":214,"column":56}},"97":{"start":{"line":216,"column":12},"end":{"line":216,"column":65}},"98":{"start":{"line":219,"column":12},"end":{"line":219,"column":41}},"99":{"start":{"line":221,"column":12},"end":{"line":221,"column":83}},"100":{"start":{"line":224,"column":12},"end":{"line":224,"column":24}},"101":{"start":{"line":229,"column":8},"end":{"line":252,"column":9}},"102":{"start":{"line":230,"column":37},"end":{"line":230,"column":48}},"103":{"start":{"line":231,"column":27},"end":{"line":234,"column":14}},"104":{"start":{"line":236,"column":28},"end":{"line":236,"column":47}},"105":{"start":{"line":237,"column":36},"end":{"line":246,"column":14}},"106":{"start":{"line":248,"column":12},"end":{"line":248,"column":79}},"107":{"start":{"line":251,"column":12},"end":{"line":251,"column":24}},"108":{"start":{"line":258,"column":8},"end":{"line":272,"column":9}},"109":{"start":{"line":259,"column":31},"end":{"line":259,"column":39}},"110":{"start":{"line":260,"column":27},"end":{"line":260,"column":37}},"111":{"start":{"line":262,"column":114},"end":{"line":262,"column":122}},"112":{"start":{"line":264,"column":12},"end":{"line":266,"column":13}},"113":{"start":{"line":265,"column":16},"end":{"line":265,"column":81}},"114":{"start":{"line":268,"column":12},"end":{"line":268,"column":83}},"115":{"start":{"line":271,"column":12},"end":{"line":271,"column":23}},"116":{"start":{"line":276,"column":8},"end":{"line":319,"column":9}},"117":{"start":{"line":277,"column":27},"end":{"line":277,"column":37}},"118":{"start":{"line":278,"column":27},"end":{"line":278,"column":38}},"119":{"start":{"line":280,"column":35},"end":{"line":280,"column":60}},"120":{"start":{"line":281,"column":29},"end":{"line":281,"column":56}},"121":{"start":{"line":287,"column":23},"end":{"line":291,"column":14}},"122":{"start":{"line":293,"column":28},"end":{"line":293,"column":90}},"123":{"start":{"line":295,"column":28},"end":{"line":306,"column":13}},"124":{"start":{"line":308,"column":34},"end":{"line":308,"column":73}},"125":{"start":{"line":310,"column":12},"end":{"line":312,"column":13}},"126":{"start":{"line":311,"column":16},"end":{"line":311,"column":133}},"127":{"start":{"line":314,"column":12},"end":{"line":314,"column":61}},"128":{"start":{"line":317,"column":12},"end":{"line":317,"column":59}},"129":{"start":{"line":318,"column":12},"end":{"line":318,"column":23}},"130":{"start":{"line":323,"column":8},"end":{"line":349,"column":9}},"131":{"start":{"line":324,"column":32},"end":{"line":324,"column":40}},"132":{"start":{"line":325,"column":12},"end":{"line":325,"column":79}},"133":{"start":{"line":327,"column":26},"end":{"line":327,"column":75}},"134":{"start":{"line":328,"column":12},"end":{"line":330,"column":13}},"135":{"start":{"line":329,"column":16},"end":{"line":329,"column":79}},"136":{"start":{"line":332,"column":12},"end":{"line":334,"column":13}},"137":{"start":{"line":333,"column":16},"end":{"line":333,"column":87}},"138":{"start":{"line":336,"column":30},"end":{"line":336,"column":61}},"139":{"start":{"line":337,"column":36},"end":{"line":337,"column":83}},"140":{"start":{"line":339,"column":29},"end":{"line":343,"column":14}},"141":{"start":{"line":344,"column":12},"end":{"line":344,"column":72}},"142":{"start":{"line":347,"column":12},"end":{"line":347,"column":30}},"143":{"start":{"line":348,"column":12},"end":{"line":348,"column":23}},"144":{"start":{"line":353,"column":0},"end":{"line":353,"column":28}}},"fnMap":{"0":{"name":"(anonymous_0)","decl":{"start":{"line":14,"column":4},"end":{"line":14,"column":5}},"loc":{"start":{"line":14,"column":48},"end":{"line":47,"column":5}},"line":14},"1":{"name":"(anonymous_1)","decl":{"start":{"line":49,"column":4},"end":{"line":49,"column":5}},"loc":{"start":{"line":49,"column":48},"end":{"line":63,"column":5}},"line":49},"2":{"name":"(anonymous_2)","decl":{"start":{"line":67,"column":4},"end":{"line":67,"column":5}},"loc":{"start":{"line":67,"column":42},"end":{"line":79,"column":5}},"line":67},"3":{"name":"(anonymous_3)","decl":{"start":{"line":81,"column":4},"end":{"line":81,"column":5}},"loc":{"start":{"line":81,"column":39},"end":{"line":106,"column":5}},"line":81},"4":{"name":"(anonymous_4)","decl":{"start":{"line":108,"column":4},"end":{"line":108,"column":5}},"loc":{"start":{"line":108,"column":48},"end":{"line":125,"column":5}},"line":108},"5":{"name":"(anonymous_5)","decl":{"start":{"line":127,"column":4},"end":{"line":127,"column":5}},"loc":{"start":{"line":127,"column":50},"end":{"line":148,"column":5}},"line":127},"6":{"name":"(anonymous_6)","decl":{"start":{"line":150,"column":4},"end":{"line":150,"column":5}},"loc":{"start":{"line":150,"column":51},"end":{"line":175,"column":5}},"line":150},"7":{"name":"(anonymous_7)","decl":{"start":{"line":177,"column":4},"end":{"line":177,"column":5}},"loc":{"start":{"line":177,"column":48},"end":{"line":187,"column":5}},"line":177},"8":{"name":"(anonymous_8)","decl":{"start":{"line":189,"column":4},"end":{"line":189,"column":5}},"loc":{"start":{"line":189,"column":49},"end":{"line":209,"column":5}},"line":189},"9":{"name":"(anonymous_9)","decl":{"start":{"line":211,"column":4},"end":{"line":211,"column":5}},"loc":{"start":{"line":211,"column":51},"end":{"line":226,"column":5}},"line":211},"10":{"name":"(anonymous_10)","decl":{"start":{"line":228,"column":4},"end":{"line":228,"column":5}},"loc":{"start":{"line":228,"column":47},"end":{"line":253,"column":5}},"line":228},"11":{"name":"(anonymous_11)","decl":{"start":{"line":257,"column":4},"end":{"line":257,"column":5}},"loc":{"start":{"line":257,"column":46},"end":{"line":273,"column":5}},"line":257},"12":{"name":"(anonymous_12)","decl":{"start":{"line":275,"column":4},"end":{"line":275,"column":5}},"loc":{"start":{"line":275,"column":55},"end":{"line":320,"column":5}},"line":275},"13":{"name":"(anonymous_13)","decl":{"start":{"line":322,"column":4},"end":{"line":322,"column":5}},"loc":{"start":{"line":322,"column":41},"end":{"line":350,"column":5}},"line":322}},"branchMap":{"0":{"loc":{"start":{"line":21,"column":12},"end":{"line":25,"column":13}},"type":"if","locations":[{"start":{"line":21,"column":12},"end":{"line":25,"column":13}},{"start":{},"end":{}}],"line":21},"1":{"loc":{"start":{"line":27,"column":12},"end":{"line":32,"column":13}},"type":"if","locations":[{"start":{"line":27,"column":12},"end":{"line":32,"column":13}},{"start":{},"end":{}}],"line":27},"2":{"loc":{"start":{"line":28,"column":30},"end":{"line":28,"column":62}},"type":"cond-expr","locations":[{"start":{"line":28,"column":48},"end":{"line":28,"column":54}},{"start":{"line":28,"column":57},"end":{"line":28,"column":62}}],"line":28},"3":{"loc":{"start":{"line":29,"column":35},"end":{"line":29,"column":74}},"type":"cond-expr","locations":[{"start":{"line":29,"column":54},"end":{"line":29,"column":67}},{"start":{"line":29,"column":70},"end":{"line":29,"column":74}}],"line":29},"4":{"loc":{"start":{"line":34,"column":12},"end":{"line":38,"column":13}},"type":"if","locations":[{"start":{"line":34,"column":12},"end":{"line":38,"column":13}},{"start":{},"end":{}}],"line":34},"5":{"loc":{"start":{"line":54,"column":12},"end":{"line":56,"column":13}},"type":"if","locations":[{"start":{"line":54,"column":12},"end":{"line":56,"column":13}},{"start":{},"end":{}}],"line":54},"6":{"loc":{"start":{"line":85,"column":12},"end":{"line":87,"column":13}},"type":"if","locations":[{"start":{"line":85,"column":12},"end":{"line":87,"column":13}},{"start":{},"end":{}}],"line":85},"7":{"loc":{"start":{"line":91,"column":12},"end":{"line":95,"column":13}},"type":"if","locations":[{"start":{"line":91,"column":12},"end":{"line":95,"column":13}},{"start":{"line":93,"column":19},"end":{"line":95,"column":13}}],"line":91},"8":{"loc":{"start":{"line":97,"column":12},"end":{"line":99,"column":13}},"type":"if","locations":[{"start":{"line":97,"column":12},"end":{"line":99,"column":13}},{"start":{},"end":{}}],"line":97},"9":{"loc":{"start":{"line":97,"column":16},"end":{"line":97,"column":74}},"type":"binary-expr","locations":[{"start":{"line":97,"column":16},"end":{"line":97,"column":25}},{"start":{"line":97,"column":29},"end":{"line":97,"column":74}}],"line":97},"10":{"loc":{"start":{"line":113,"column":12},"end":{"line":115,"column":13}},"type":"if","locations":[{"start":{"line":113,"column":12},"end":{"line":115,"column":13}},{"start":{},"end":{}}],"line":113},"11":{"loc":{"start":{"line":133,"column":12},"end":{"line":135,"column":13}},"type":"if","locations":[{"start":{"line":133,"column":12},"end":{"line":135,"column":13}},{"start":{},"end":{}}],"line":133},"12":{"loc":{"start":{"line":139,"column":12},"end":{"line":141,"column":13}},"type":"if","locations":[{"start":{"line":139,"column":12},"end":{"line":141,"column":13}},{"start":{},"end":{}}],"line":139},"13":{"loc":{"start":{"line":157,"column":12},"end":{"line":159,"column":13}},"type":"if","locations":[{"start":{"line":157,"column":12},"end":{"line":159,"column":13}},{"start":{},"end":{}}],"line":157},"14":{"loc":{"start":{"line":164,"column":12},"end":{"line":166,"column":13}},"type":"if","locations":[{"start":{"line":164,"column":12},"end":{"line":166,"column":13}},{"start":{},"end":{}}],"line":164},"15":{"loc":{"start":{"line":196,"column":12},"end":{"line":200,"column":13}},"type":"if","locations":[{"start":{"line":196,"column":12},"end":{"line":200,"column":13}},{"start":{"line":198,"column":19},"end":{"line":200,"column":13}}],"line":196},"16":{"loc":{"start":{"line":198,"column":19},"end":{"line":200,"column":13}},"type":"if","locations":[{"start":{"line":198,"column":19},"end":{"line":200,"column":13}},{"start":{},"end":{}}],"line":198},"17":{"loc":{"start":{"line":264,"column":12},"end":{"line":266,"column":13}},"type":"if","locations":[{"start":{"line":264,"column":12},"end":{"line":266,"column":13}},{"start":{},"end":{}}],"line":264},"18":{"loc":{"start":{"line":264,"column":16},"end":{"line":264,"column":127}},"type":"binary-expr","locations":[{"start":{"line":264,"column":16},"end":{"line":264,"column":21}},{"start":{"line":264,"column":25},"end":{"line":264,"column":31}},{"start":{"line":264,"column":35},"end":{"line":264,"column":43}},{"start":{"line":264,"column":47},"end":{"line":264,"column":59}},{"start":{"line":264,"column":63},"end":{"line":264,"column":77}},{"start":{"line":264,"column":81},"end":{"line":264,"column":94}},{"start":{"line":264,"column":98},"end":{"line":264,"column":115}},{"start":{"line":264,"column":119},"end":{"line":264,"column":127}}],"line":264},"19":{"loc":{"start":{"line":310,"column":12},"end":{"line":312,"column":13}},"type":"if","locations":[{"start":{"line":310,"column":12},"end":{"line":312,"column":13}},{"start":{},"end":{}}],"line":310},"20":{"loc":{"start":{"line":328,"column":12},"end":{"line":330,"column":13}},"type":"if","locations":[{"start":{"line":328,"column":12},"end":{"line":330,"column":13}},{"start":{},"end":{}}],"line":328},"21":{"loc":{"start":{"line":332,"column":12},"end":{"line":334,"column":13}},"type":"if","locations":[{"start":{"line":332,"column":12},"end":{"line":334,"column":13}},{"start":{},"end":{}}],"line":332}},"s":{"0":2,"1":2,"2":2,"3":2,"4":2,"5":2,"6":2,"7":2,"8":1,"9":1,"10":1,"11":1,"12":0,"13":1,"14":0,"15":0,"16":0,"17":1,"18":0,"19":1,"20":1,"21":0,"22":0,"23":2,"24":2,"25":2,"26":2,"27":1,"28":1,"29":1,"30":7,"31":7,"32":7,"33":1,"34":6,"35":5,"36":5,"37":5,"38":1,"39":4,"40":3,"41":1,"42":3,"43":2,"44":1,"45":4,"46":0,"47":0,"48":0,"49":0,"50":0,"51":0,"52":0,"53":0,"54":0,"55":0,"56":0,"57":0,"58":0,"59":0,"60":0,"61":0,"62":0,"63":0,"64":0,"65":0,"66":0,"67":0,"68":0,"69":0,"70":0,"71":0,"72":0,"73":0,"74":0,"75":0,"76":0,"77":0,"78":0,"79":0,"80":0,"81":0,"82":0,"83":0,"84":0,"85":0,"86":0,"87":0,"88":0,"89":0,"90":0,"91":0,"92":0,"93":0,"94":0,"95":0,"96":0,"97":0,"98":0,"99":0,"100":0,"101":0,"102":0,"103":0,"104":0,"105":0,"106":0,"107":0,"108":0,"109":0,"110":0,"111":0,"112":0,"113":0,"114":0,"115":0,"116":0,"117":0,"118":0,"119":0,"120":0,"121":0,"122":0,"123":0,"124":0,"125":0,"126":0,"127":0,"128":0,"129":0,"130":0,"131":0,"132":0,"133":0,"134":0,"135":0,"136":0,"137":0,"138":0,"139":0,"140":0,"141":0,"142":0,"143":0,"144":2},"f":{"0":1,"1":2,"2":7,"3":5,"4":0,"5":0,"6":0,"7":0,"8":0,"9":0,"10":0,"11":0,"12":0,"13":0},"b":{"0":[0,1],"1":[0,1],"2":[0,0],"3":[0,0],"4":[0,1],"5":[1,1],"6":[1,4],"7":[3,1],"8":[2,1],"9":[3,2],"10":[0,0],"11":[0,0],"12":[0,0],"13":[0,0],"14":[0,0],"15":[0,0],"16":[0,0],"17":[0,0],"18":[0,0,0,0,0,0,0,0],"19":[0,0],"20":[0,0],"21":[0,0]},"_coverageSchema":"1a1c01bbd47fc00a2c39e90264f33305004495a9","hash":"02c3b7f91635af0698681de7329f6ed56a627bf1"}
,"F:\\Documents\\Code\\Hacktiv8\\PHASE 2\\IP\\IP-HCK71\\server\\helpers\\bcrypt.js": {"path":"F:\\Documents\\Code\\Hacktiv8\\PHASE 2\\IP\\IP-HCK71\\server\\helpers\\bcrypt.js","statementMap":{"0":{"start":{"line":1,"column":34},"end":{"line":1,"column":53}},"1":{"start":{"line":3,"column":0},"end":{"line":10,"column":2}},"2":{"start":{"line":5,"column":8},"end":{"line":5,"column":34}},"3":{"start":{"line":8,"column":8},"end":{"line":8,"column":53}}},"fnMap":{"0":{"name":"(anonymous_0)","decl":{"start":{"line":4,"column":18},"end":{"line":4,"column":19}},"loc":{"start":{"line":4,"column":32},"end":{"line":6,"column":5}},"line":4},"1":{"name":"(anonymous_1)","decl":{"start":{"line":7,"column":21},"end":{"line":7,"column":22}},"loc":{"start":{"line":7,"column":51},"end":{"line":9,"column":5}},"line":7}},"branchMap":{},"s":{"0":2,"1":2,"2":4,"3":2},"f":{"0":4,"1":2},"b":{},"_coverageSchema":"1a1c01bbd47fc00a2c39e90264f33305004495a9","hash":"3b0811db35a21207a89371bb4dc9418e772d48cb"}
,"F:\\Documents\\Code\\Hacktiv8\\PHASE 2\\IP\\IP-HCK71\\server\\helpers\\jwt.js": {"path":"F:\\Documents\\Code\\Hacktiv8\\PHASE 2\\IP\\IP-HCK71\\server\\helpers\\jwt.js","statementMap":{"0":{"start":{"line":1,"column":25},"end":{"line":1,"column":48}},"1":{"start":{"line":2,"column":15},"end":{"line":2,"column":37}},"2":{"start":{"line":4,"column":0},"end":{"line":7,"column":1}},"3":{"start":{"line":5,"column":36},"end":{"line":5,"column":65}},"4":{"start":{"line":6,"column":28},"end":{"line":6,"column":49}}},"fnMap":{"0":{"name":"(anonymous_0)","decl":{"start":{"line":5,"column":15},"end":{"line":5,"column":16}},"loc":{"start":{"line":5,"column":36},"end":{"line":5,"column":65}},"line":5},"1":{"name":"(anonymous_1)","decl":{"start":{"line":6,"column":17},"end":{"line":6,"column":18}},"loc":{"start":{"line":6,"column":28},"end":{"line":6,"column":49}},"line":6}},"branchMap":{},"s":{"0":2,"1":2,"2":2,"3":2,"4":0},"f":{"0":2,"1":0},"b":{},"_coverageSchema":"1a1c01bbd47fc00a2c39e90264f33305004495a9","hash":"8dfc5293b7ff451033d97f7757a23477a8c0a2d8"}
,"F:\\Documents\\Code\\Hacktiv8\\PHASE 2\\IP\\IP-HCK71\\server\\middlewares\\authentication.js": {"path":"F:\\Documents\\Code\\Hacktiv8\\PHASE 2\\IP\\IP-HCK71\\server\\middlewares\\authentication.js","statementMap":{"0":{"start":{"line":1,"column":24},"end":{"line":1,"column":52}},"1":{"start":{"line":2,"column":17},"end":{"line":2,"column":37}},"2":{"start":{"line":5,"column":4},"end":{"line":31,"column":5}},"3":{"start":{"line":6,"column":29},"end":{"line":6,"column":54}},"4":{"start":{"line":8,"column":8},"end":{"line":10,"column":9}},"5":{"start":{"line":9,"column":12},"end":{"line":9,"column":69}},"6":{"start":{"line":12,"column":30},"end":{"line":12,"column":53}},"7":{"start":{"line":14,"column":8},"end":{"line":16,"column":9}},"8":{"start":{"line":15,"column":12},"end":{"line":15,"column":69}},"9":{"start":{"line":18,"column":21},"end":{"line":18,"column":39}},"10":{"start":{"line":19,"column":19},"end":{"line":19,"column":26}},"11":{"start":{"line":20,"column":25},"end":{"line":20,"column":48}},"12":{"start":{"line":22,"column":8},"end":{"line":24,"column":9}},"13":{"start":{"line":23,"column":12},"end":{"line":23,"column":69}},"14":{"start":{"line":26,"column":8},"end":{"line":26,"column":27}},"15":{"start":{"line":27,"column":8},"end":{"line":27,"column":15}},"16":{"start":{"line":30,"column":8},"end":{"line":30,"column":20}},"17":{"start":{"line":34,"column":0},"end":{"line":34,"column":32}}},"fnMap":{"0":{"name":"authentication","decl":{"start":{"line":4,"column":15},"end":{"line":4,"column":29}},"loc":{"start":{"line":4,"column":46},"end":{"line":32,"column":1}},"line":4}},"branchMap":{"0":{"loc":{"start":{"line":8,"column":8},"end":{"line":10,"column":9}},"type":"if","locations":[{"start":{"line":8,"column":8},"end":{"line":10,"column":9}},{"start":{},"end":{}}],"line":8},"1":{"loc":{"start":{"line":14,"column":8},"end":{"line":16,"column":9}},"type":"if","locations":[{"start":{"line":14,"column":8},"end":{"line":16,"column":9}},{"start":{},"end":{}}],"line":14},"2":{"loc":{"start":{"line":14,"column":12},"end":{"line":14,"column":39}},"type":"binary-expr","locations":[{"start":{"line":14,"column":12},"end":{"line":14,"column":29}},{"start":{"line":14,"column":33},"end":{"line":14,"column":39}}],"line":14},"3":{"loc":{"start":{"line":22,"column":8},"end":{"line":24,"column":9}},"type":"if","locations":[{"start":{"line":22,"column":8},"end":{"line":24,"column":9}},{"start":{},"end":{}}],"line":22}},"s":{"0":2,"1":2,"2":0,"3":0,"4":0,"5":0,"6":0,"7":0,"8":0,"9":0,"10":0,"11":0,"12":0,"13":0,"14":0,"15":0,"16":0,"17":2},"f":{"0":0},"b":{"0":[0,0],"1":[0,0],"2":[0,0],"3":[0,0]},"_coverageSchema":"1a1c01bbd47fc00a2c39e90264f33305004495a9","hash":"66330e2da3bf082a574db1ab20bd9b455631fc4f"}
,"F:\\Documents\\Code\\Hacktiv8\\PHASE 2\\IP\\IP-HCK71\\server\\middlewares\\error-handler.js": {"path":"F:\\Documents\\Code\\Hacktiv8\\PHASE 2\\IP\\IP-HCK71\\server\\middlewares\\error-handler.js","statementMap":{"0":{"start":{"line":2,"column":4},"end":{"line":24,"column":5}},"1":{"start":{"line":3,"column":8},"end":{"line":3,"column":67}},"2":{"start":{"line":4,"column":11},"end":{"line":24,"column":5}},"3":{"start":{"line":5,"column":8},"end":{"line":5,"column":63}},"4":{"start":{"line":6,"column":11},"end":{"line":24,"column":5}},"5":{"start":{"line":7,"column":8},"end":{"line":7,"column":66}},"6":{"start":{"line":8,"column":11},"end":{"line":24,"column":5}},"7":{"start":{"line":9,"column":8},"end":{"line":9,"column":79}},"8":{"start":{"line":10,"column":11},"end":{"line":24,"column":5}},"9":{"start":{"line":11,"column":8},"end":{"line":11,"column":71}},"10":{"start":{"line":12,"column":11},"end":{"line":24,"column":5}},"11":{"start":{"line":13,"column":8},"end":{"line":13,"column":57}},"12":{"start":{"line":14,"column":11},"end":{"line":24,"column":5}},"13":{"start":{"line":15,"column":8},"end":{"line":15,"column":59}},"14":{"start":{"line":16,"column":11},"end":{"line":24,"column":5}},"15":{"start":{"line":17,"column":8},"end":{"line":17,"column":66}},"16":{"start":{"line":18,"column":11},"end":{"line":24,"column":5}},"17":{"start":{"line":19,"column":8},"end":{"line":19,"column":57}},"18":{"start":{"line":20,"column":11},"end":{"line":24,"column":5}},"19":{"start":{"line":21,"column":8},"end":{"line":21,"column":60}},"20":{"start":{"line":23,"column":8},"end":{"line":23,"column":67}},"21":{"start":{"line":27,"column":0},"end":{"line":27,"column":30}}},"fnMap":{"0":{"name":"errorHandler","decl":{"start":{"line":1,"column":9},"end":{"line":1,"column":21}},"loc":{"start":{"line":1,"column":45},"end":{"line":25,"column":1}},"line":1}},"branchMap":{"0":{"loc":{"start":{"line":2,"column":4},"end":{"line":24,"column":5}},"type":"if","locations":[{"start":{"line":2,"column":4},"end":{"line":24,"column":5}},{"start":{"line":4,"column":11},"end":{"line":24,"column":5}}],"line":2},"1":{"loc":{"start":{"line":2,"column":8},"end":{"line":2,"column":100}},"type":"binary-expr","locations":[{"start":{"line":2,"column":8},"end":{"line":2,"column":49}},{"start":{"line":2,"column":53},"end":{"line":2,"column":100}}],"line":2},"2":{"loc":{"start":{"line":4,"column":11},"end":{"line":24,"column":5}},"type":"if","locations":[{"start":{"line":4,"column":11},"end":{"line":24,"column":5}},{"start":{"line":6,"column":11},"end":{"line":24,"column":5}}],"line":4},"3":{"loc":{"start":{"line":6,"column":11},"end":{"line":24,"column":5}},"type":"if","locations":[{"start":{"line":6,"column":11},"end":{"line":24,"column":5}},{"start":{"line":8,"column":11},"end":{"line":24,"column":5}}],"line":6},"4":{"loc":{"start":{"line":8,"column":11},"end":{"line":24,"column":5}},"type":"if","locations":[{"start":{"line":8,"column":11},"end":{"line":24,"column":5}},{"start":{"line":10,"column":11},"end":{"line":24,"column":5}}],"line":8},"5":{"loc":{"start":{"line":10,"column":11},"end":{"line":24,"column":5}},"type":"if","locations":[{"start":{"line":10,"column":11},"end":{"line":24,"column":5}},{"start":{"line":12,"column":11},"end":{"line":24,"column":5}}],"line":10},"6":{"loc":{"start":{"line":12,"column":11},"end":{"line":24,"column":5}},"type":"if","locations":[{"start":{"line":12,"column":11},"end":{"line":24,"column":5}},{"start":{"line":14,"column":11},"end":{"line":24,"column":5}}],"line":12},"7":{"loc":{"start":{"line":14,"column":11},"end":{"line":24,"column":5}},"type":"if","locations":[{"start":{"line":14,"column":11},"end":{"line":24,"column":5}},{"start":{"line":16,"column":11},"end":{"line":24,"column":5}}],"line":14},"8":{"loc":{"start":{"line":16,"column":11},"end":{"line":24,"column":5}},"type":"if","locations":[{"start":{"line":16,"column":11},"end":{"line":24,"column":5}},{"start":{"line":18,"column":11},"end":{"line":24,"column":5}}],"line":16},"9":{"loc":{"start":{"line":18,"column":11},"end":{"line":24,"column":5}},"type":"if","locations":[{"start":{"line":18,"column":11},"end":{"line":24,"column":5}},{"start":{"line":20,"column":11},"end":{"line":24,"column":5}}],"line":18},"10":{"loc":{"start":{"line":20,"column":11},"end":{"line":24,"column":5}},"type":"if","locations":[{"start":{"line":20,"column":11},"end":{"line":24,"column":5}},{"start":{"line":22,"column":11},"end":{"line":24,"column":5}}],"line":20}},"s":{"0":11,"1":6,"2":5,"3":1,"4":4,"5":1,"6":3,"7":0,"8":3,"9":2,"10":1,"11":0,"12":1,"13":0,"14":1,"15":0,"16":1,"17":0,"18":1,"19":1,"20":0,"21":2},"f":{"0":11},"b":{"0":[6,5],"1":[11,6],"2":[1,4],"3":[1,3],"4":[0,3],"5":[2,1],"6":[0,1],"7":[0,1],"8":[0,1],"9":[0,1],"10":[1,0]},"_coverageSchema":"1a1c01bbd47fc00a2c39e90264f33305004495a9","hash":"4a5826efc58cd8a7427a027fc61204052d13a225"}
,"F:\\Documents\\Code\\Hacktiv8\\PHASE 2\\IP\\IP-HCK71\\server\\models\\animal.js": {"path":"F:\\Documents\\Code\\Hacktiv8\\PHASE 2\\IP\\IP-HCK71\\server\\models\\animal.js","statementMap":{"0":{"start":{"line":4,"column":4},"end":{"line":4,"column":24}},"1":{"start":{"line":5,"column":0},"end":{"line":36,"column":2}},"2":{"start":{"line":8,"column":6},"end":{"line":8,"column":67}},"3":{"start":{"line":11,"column":2},"end":{"line":34,"column":5}},"4":{"start":{"line":31,"column":8},"end":{"line":31,"column":30}},"5":{"start":{"line":35,"column":2},"end":{"line":35,"column":16}}},"fnMap":{"0":{"name":"(anonymous_0)","decl":{"start":{"line":5,"column":17},"end":{"line":5,"column":18}},"loc":{"start":{"line":5,"column":43},"end":{"line":36,"column":1}},"line":5},"1":{"name":"(anonymous_1)","decl":{"start":{"line":7,"column":4},"end":{"line":7,"column":5}},"loc":{"start":{"line":7,"column":29},"end":{"line":9,"column":5}},"line":7},"2":{"name":"(anonymous_2)","decl":{"start":{"line":30,"column":6},"end":{"line":30,"column":7}},"loc":{"start":{"line":30,"column":27},"end":{"line":32,"column":7}},"line":30}},"branchMap":{},"s":{"0":2,"1":2,"2":2,"3":2,"4":0,"5":2},"f":{"0":2,"1":2,"2":0},"b":{},"_coverageSchema":"1a1c01bbd47fc00a2c39e90264f33305004495a9","hash":"385d3b87473d361a9e13d7b6f1837404fa8874e9"}
,"F:\\Documents\\Code\\Hacktiv8\\PHASE 2\\IP\\IP-HCK71\\server\\models\\index.js": {"path":"F:\\Documents\\Code\\Hacktiv8\\PHASE 2\\IP\\IP-HCK71\\server\\models\\index.js","statementMap":{"0":{"start":{"line":3,"column":11},"end":{"line":3,"column":24}},"1":{"start":{"line":4,"column":13},"end":{"line":4,"column":28}},"2":{"start":{"line":5,"column":18},"end":{"line":5,"column":38}},"3":{"start":{"line":6,"column":16},"end":{"line":6,"column":34}},"4":{"start":{"line":7,"column":17},"end":{"line":7,"column":42}},"5":{"start":{"line":8,"column":12},"end":{"line":8,"column":49}},"6":{"start":{"line":9,"column":15},"end":{"line":9,"column":65}},"7":{"start":{"line":10,"column":11},"end":{"line":10,"column":13}},"8":{"start":{"line":13,"column":0},"end":{"line":17,"column":1}},"9":{"start":{"line":14,"column":2},"end":{"line":14,"column":74}},"10":{"start":{"line":16,"column":2},"end":{"line":16,"column":87}},"11":{"start":{"line":19,"column":0},"end":{"line":32,"column":5}},"12":{"start":{"line":22,"column":4},"end":{"line":27,"column":6}},"13":{"start":{"line":30,"column":18},"end":{"line":30,"column":85}},"14":{"start":{"line":31,"column":4},"end":{"line":31,"column":27}},"15":{"start":{"line":34,"column":0},"end":{"line":38,"column":3}},"16":{"start":{"line":35,"column":2},"end":{"line":37,"column":3}},"17":{"start":{"line":36,"column":4},"end":{"line":36,"column":32}},"18":{"start":{"line":40,"column":0},"end":{"line":40,"column":25}},"19":{"start":{"line":41,"column":0},"end":{"line":41,"column":25}},"20":{"start":{"line":43,"column":0},"end":{"line":43,"column":20}}},"fnMap":{"0":{"name":"(anonymous_0)","decl":{"start":{"line":21,"column":10},"end":{"line":21,"column":11}},"loc":{"start":{"line":21,"column":18},"end":{"line":28,"column":3}},"line":21},"1":{"name":"(anonymous_1)","decl":{"start":{"line":29,"column":11},"end":{"line":29,"column":12}},"loc":{"start":{"line":29,"column":19},"end":{"line":32,"column":3}},"line":29},"2":{"name":"(anonymous_2)","decl":{"start":{"line":34,"column":24},"end":{"line":34,"column":25}},"loc":{"start":{"line":34,"column":37},"end":{"line":38,"column":1}},"line":34}},"branchMap":{"0":{"loc":{"start":{"line":8,"column":12},"end":{"line":8,"column":49}},"type":"binary-expr","locations":[{"start":{"line":8,"column":12},"end":{"line":8,"column":32}},{"start":{"line":8,"column":36},"end":{"line":8,"column":49}}],"line":8},"1":{"loc":{"start":{"line":13,"column":0},"end":{"line":17,"column":1}},"type":"if","locations":[{"start":{"line":13,"column":0},"end":{"line":17,"column":1}},{"start":{"line":15,"column":7},"end":{"line":17,"column":1}}],"line":13},"2":{"loc":{"start":{"line":23,"column":6},"end":{"line":26,"column":37}},"type":"binary-expr","locations":[{"start":{"line":23,"column":6},"end":{"line":23,"column":29}},{"start":{"line":24,"column":6},"end":{"line":24,"column":23}},{"start":{"line":25,"column":6},"end":{"line":25,"column":30}},{"start":{"line":26,"column":6},"end":{"line":26,"column":37}}],"line":23},"3":{"loc":{"start":{"line":35,"column":2},"end":{"line":37,"column":3}},"type":"if","locations":[{"start":{"line":35,"column":2},"end":{"line":37,"column":3}},{"start":{},"end":{}}],"line":35}},"s":{"0":2,"1":2,"2":2,"3":2,"4":2,"5":2,"6":2,"7":2,"8":2,"9":0,"10":2,"11":2,"12":8,"13":6,"14":6,"15":2,"16":6,"17":6,"18":2,"19":2,"20":2},"f":{"0":8,"1":6,"2":6},"b":{"0":[2,0],"1":[0,2],"2":[8,8,6,6],"3":[6,0]},"_coverageSchema":"1a1c01bbd47fc00a2c39e90264f33305004495a9","hash":"86897158290855b2b340d724b35b68af118e659b"}
,"F:\\Documents\\Code\\Hacktiv8\\PHASE 2\\IP\\IP-HCK71\\server\\models\\transaction.js": {"path":"F:\\Documents\\Code\\Hacktiv8\\PHASE 2\\IP\\IP-HCK71\\server\\models\\transaction.js","statementMap":{"0":{"start":{"line":4,"column":4},"end":{"line":4,"column":24}},"1":{"start":{"line":5,"column":0},"end":{"line":28,"column":2}},"2":{"start":{"line":8,"column":6},"end":{"line":8,"column":65}},"3":{"start":{"line":9,"column":6},"end":{"line":9,"column":69}},"4":{"start":{"line":12,"column":2},"end":{"line":26,"column":5}},"5":{"start":{"line":23,"column":8},"end":{"line":23,"column":35}},"6":{"start":{"line":27,"column":2},"end":{"line":27,"column":21}}},"fnMap":{"0":{"name":"(anonymous_0)","decl":{"start":{"line":5,"column":17},"end":{"line":5,"column":18}},"loc":{"start":{"line":5,"column":43},"end":{"line":28,"column":1}},"line":5},"1":{"name":"(anonymous_1)","decl":{"start":{"line":7,"column":4},"end":{"line":7,"column":5}},"loc":{"start":{"line":7,"column":29},"end":{"line":10,"column":5}},"line":7},"2":{"name":"(anonymous_2)","decl":{"start":{"line":22,"column":6},"end":{"line":22,"column":7}},"loc":{"start":{"line":22,"column":32},"end":{"line":24,"column":7}},"line":22}},"branchMap":{},"s":{"0":2,"1":2,"2":2,"3":2,"4":2,"5":0,"6":2},"f":{"0":2,"1":2,"2":0},"b":{},"_coverageSchema":"1a1c01bbd47fc00a2c39e90264f33305004495a9","hash":"6f15793f9a2a0d1b1d739f9459ca1f28071b9ed8"}
,"F:\\Documents\\Code\\Hacktiv8\\PHASE 2\\IP\\IP-HCK71\\server\\models\\user.js": {"path":"F:\\Documents\\Code\\Hacktiv8\\PHASE 2\\IP\\IP-HCK71\\server\\models\\user.js","statementMap":{"0":{"start":{"line":3,"column":25},"end":{"line":3,"column":53}},"1":{"start":{"line":4,"column":17},"end":{"line":4,"column":38}},"2":{"start":{"line":8,"column":4},"end":{"line":8,"column":24}},"3":{"start":{"line":9,"column":0},"end":{"line":103,"column":2}},"4":{"start":{"line":12,"column":6},"end":{"line":12,"column":64}},"5":{"start":{"line":16,"column":24},"end":{"line":22,"column":7}},"6":{"start":{"line":24,"column":23},"end":{"line":29,"column":6}},"7":{"start":{"line":31,"column":5},"end":{"line":37,"column":8}},"8":{"start":{"line":32,"column":7},"end":{"line":36,"column":8}},"9":{"start":{"line":33,"column":9},"end":{"line":33,"column":28}},"10":{"start":{"line":35,"column":9},"end":{"line":35,"column":53}},"11":{"start":{"line":40,"column":2},"end":{"line":101,"column":5}},"12":{"start":{"line":96,"column":8},"end":{"line":98,"column":9}},"13":{"start":{"line":97,"column":10},"end":{"line":97,"column":54}},"14":{"start":{"line":102,"column":2},"end":{"line":102,"column":14}}},"fnMap":{"0":{"name":"(anonymous_0)","decl":{"start":{"line":9,"column":17},"end":{"line":9,"column":18}},"loc":{"start":{"line":9,"column":43},"end":{"line":103,"column":1}},"line":9},"1":{"name":"(anonymous_1)","decl":{"start":{"line":11,"column":4},"end":{"line":11,"column":5}},"loc":{"start":{"line":11,"column":29},"end":{"line":13,"column":5}},"line":11},"2":{"name":"(anonymous_2)","decl":{"start":{"line":15,"column":4},"end":{"line":15,"column":5}},"loc":{"start":{"line":15,"column":41},"end":{"line":38,"column":5}},"line":15},"3":{"name":"(anonymous_3)","decl":{"start":{"line":31,"column":39},"end":{"line":31,"column":40}},"loc":{"start":{"line":31,"column":60},"end":{"line":37,"column":6}},"line":31},"4":{"name":"(anonymous_4)","decl":{"start":{"line":95,"column":6},"end":{"line":95,"column":7}},"loc":{"start":{"line":95,"column":25},"end":{"line":99,"column":7}},"line":95}},"branchMap":{"0":{"loc":{"start":{"line":32,"column":7},"end":{"line":36,"column":8}},"type":"if","locations":[{"start":{"line":32,"column":7},"end":{"line":36,"column":8}},{"start":{"line":34,"column":14},"end":{"line":36,"column":8}}],"line":32},"1":{"loc":{"start":{"line":96,"column":8},"end":{"line":98,"column":9}},"type":"if","locations":[{"start":{"line":96,"column":8},"end":{"line":98,"column":9}},{"start":{},"end":{}}],"line":96}},"s":{"0":2,"1":2,"2":2,"3":2,"4":2,"5":0,"6":0,"7":0,"8":0,"9":0,"10":0,"11":2,"12":3,"13":3,"14":2},"f":{"0":2,"1":2,"2":0,"3":0,"4":3},"b":{"0":[0,0],"1":[3,0]},"_coverageSchema":"1a1c01bbd47fc00a2c39e90264f33305004495a9","hash":"cad9a9e9e643ad4cefdd2d7868852358634c0394"}
,"F:\\Documents\\Code\\Hacktiv8\\PHASE 2\\IP\\IP-HCK71\\server\\routers\\animals.js": {"path":"F:\\Documents\\Code\\Hacktiv8\\PHASE 2\\IP\\IP-HCK71\\server\\routers\\animals.js","statementMap":{"0":{"start":{"line":1,"column":16},"end":{"line":1,"column":34}},"1":{"start":{"line":2,"column":16},"end":{"line":2,"column":32}},"2":{"start":{"line":3,"column":19},"end":{"line":3,"column":55}},"3":{"start":{"line":5,"column":0},"end":{"line":5,"column":43}},"4":{"start":{"line":6,"column":0},"end":{"line":6,"column":47}},"5":{"start":{"line":8,"column":0},"end":{"line":8,"column":25}}},"fnMap":{},"branchMap":{},"s":{"0":2,"1":2,"2":2,"3":2,"4":2,"5":2},"f":{},"b":{},"_coverageSchema":"1a1c01bbd47fc00a2c39e90264f33305004495a9","hash":"35bd926095f17f2fd10010d123467fb780bd5fc2"}
,"F:\\Documents\\Code\\Hacktiv8\\PHASE 2\\IP\\IP-HCK71\\server\\routers\\index.js": {"path":"F:\\Documents\\Code\\Hacktiv8\\PHASE 2\\IP\\IP-HCK71\\server\\routers\\index.js","statementMap":{"0":{"start":{"line":1,"column":16},"end":{"line":1,"column":34}},"1":{"start":{"line":2,"column":15},"end":{"line":2,"column":31}},"2":{"start":{"line":3,"column":21},"end":{"line":3,"column":49}},"3":{"start":{"line":4,"column":14},"end":{"line":4,"column":35}},"4":{"start":{"line":5,"column":16},"end":{"line":5,"column":39}},"5":{"start":{"line":6,"column":19},"end":{"line":6,"column":55}},"6":{"start":{"line":8,"column":21},"end":{"line":8,"column":63}},"7":{"start":{"line":9,"column":23},"end":{"line":9,"column":66}},"8":{"start":{"line":11,"column":0},"end":{"line":11,"column":42}},"9":{"start":{"line":12,"column":0},"end":{"line":12,"column":46}},"10":{"start":{"line":14,"column":0},"end":{"line":14,"column":46}},"11":{"start":{"line":15,"column":0},"end":{"line":15,"column":40}},"12":{"start":{"line":16,"column":0},"end":{"line":16,"column":54}},"13":{"start":{"line":17,"column":0},"end":{"line":17,"column":59}},"14":{"start":{"line":18,"column":0},"end":{"line":18,"column":74}},"15":{"start":{"line":19,"column":0},"end":{"line":19,"column":76}},"16":{"start":{"line":21,"column":0},"end":{"line":21,"column":26}},"17":{"start":{"line":22,"column":0},"end":{"line":22,"column":27}},"18":{"start":{"line":23,"column":0},"end":{"line":23,"column":41}},"19":{"start":{"line":25,"column":0},"end":{"line":25,"column":25}},"20":{"start":{"line":27,"column":0},"end":{"line":27,"column":24}}},"fnMap":{},"branchMap":{},"s":{"0":2,"1":2,"2":2,"3":2,"4":2,"5":2,"6":2,"7":2,"8":2,"9":2,"10":2,"11":2,"12":2,"13":2,"14":2,"15":2,"16":2,"17":2,"18":2,"19":2,"20":2},"f":{},"b":{},"_coverageSchema":"1a1c01bbd47fc00a2c39e90264f33305004495a9","hash":"7241d8e0cf3b56f4621b9aec0e1a491e9ef0a337"}
,"F:\\Documents\\Code\\Hacktiv8\\PHASE 2\\IP\\IP-HCK71\\server\\routers\\transactions.js": {"path":"F:\\Documents\\Code\\Hacktiv8\\PHASE 2\\IP\\IP-HCK71\\server\\routers\\transactions.js","statementMap":{"0":{"start":{"line":1,"column":16},"end":{"line":1,"column":34}},"1":{"start":{"line":2,"column":21},"end":{"line":2,"column":37}},"2":{"start":{"line":3,"column":19},"end":{"line":3,"column":55}},"3":{"start":{"line":5,"column":0},"end":{"line":5,"column":68}},"4":{"start":{"line":6,"column":0},"end":{"line":6,"column":83}},"5":{"start":{"line":7,"column":0},"end":{"line":7,"column":55}},"6":{"start":{"line":9,"column":0},"end":{"line":9,"column":30}}},"fnMap":{},"branchMap":{},"s":{"0":2,"1":2,"2":2,"3":2,"4":2,"5":2,"6":2},"f":{},"b":{},"_coverageSchema":"1a1c01bbd47fc00a2c39e90264f33305004495a9","hash":"20207754095a29139a6bc52e67811a33022bd1d8"}
,"F:\\Documents\\Code\\Hacktiv8\\PHASE 2\\IP\\IP-HCK71\\server\\routers\\users.js": {"path":"F:\\Documents\\Code\\Hacktiv8\\PHASE 2\\IP\\IP-HCK71\\server\\routers\\users.js","statementMap":{"0":{"start":{"line":1,"column":16},"end":{"line":1,"column":34}},"1":{"start":{"line":2,"column":14},"end":{"line":2,"column":30}},"2":{"start":{"line":3,"column":19},"end":{"line":3,"column":55}},"3":{"start":{"line":5,"column":0},"end":{"line":5,"column":53}},"4":{"start":{"line":6,"column":0},"end":{"line":6,"column":54}},"5":{"start":{"line":7,"column":0},"end":{"line":7,"column":59}},"6":{"start":{"line":9,"column":0},"end":{"line":9,"column":23}}},"fnMap":{},"branchMap":{},"s":{"0":2,"1":2,"2":2,"3":2,"4":2,"5":2,"6":2},"f":{},"b":{},"_coverageSchema":"1a1c01bbd47fc00a2c39e90264f33305004495a9","hash":"982e3eb5f28dbc01d934a54fbc80fbb6ed431deb"}
}
