TN:
SF:app.js
FNF:0
FNH:0
DA:1,2
DA:2,2
DA:5,2
DA:6,2
DA:7,2
DA:9,2
DA:11,2
DA:13,2
DA:14,2
DA:16,2
DA:18,2
LF:11
LH:11
BRDA:1,0,0,2
BRDA:1,0,1,0
BRF:2
BRH:1
end_of_record
TN:
SF:controllers\controller.js
FN:14,(anonymous_0)
FN:49,(anonymous_1)
FN:67,(anonymous_2)
FN:81,(anonymous_3)
FN:108,(anonymous_4)
FN:127,(anonymous_5)
FN:150,(anonymous_6)
FN:177,(anonymous_7)
FN:189,(anonymous_8)
FN:211,(anonymous_9)
FN:228,(anonymous_10)
FN:257,(anonymous_11)
FN:275,(anonymous_12)
FN:322,(anonymous_13)
FNF:14
FNH:4
FNDA:1,(anonymous_0)
FNDA:2,(anonymous_1)
FNDA:7,(anonymous_2)
FNDA:5,(anonymous_3)
FNDA:0,(anonymous_4)
FNDA:0,(anonymous_5)
FNDA:0,(anonymous_6)
FNDA:0,(anonymous_7)
FNDA:0,(anonymous_8)
FNDA:0,(anonymous_9)
FNDA:0,(anonymous_10)
FNDA:0,(anonymous_11)
FNDA:0,(anonymous_12)
FNDA:0,(anonymous_13)
DA:1,2
DA:2,2
DA:4,2
DA:5,2
DA:7,2
DA:8,2
DA:9,2
DA:10,2
DA:15,1
DA:16,1
DA:17,1
DA:21,1
DA:22,0
DA:27,1
DA:28,0
DA:29,0
DA:31,0
DA:34,1
DA:35,0
DA:40,1
DA:41,1
DA:44,0
DA:45,0
DA:50,2
DA:51,2
DA:52,2
DA:54,2
DA:55,1
DA:58,1
DA:61,1
DA:68,7
DA:69,7
DA:70,7
DA:71,1
DA:77,6
DA:82,5
DA:83,5
DA:85,5
DA:86,1
DA:91,4
DA:92,3
DA:94,1
DA:97,3
DA:98,2
DA:101,1
DA:104,4
DA:109,0
DA:110,0
DA:111,0
DA:113,0
DA:114,0
DA:117,0
DA:118,0
DA:120,0
DA:123,0
DA:128,0
DA:129,0
DA:131,0
DA:133,0
DA:134,0
DA:137,0
DA:139,0
DA:140,0
DA:143,0
DA:146,0
DA:151,0
DA:152,0
DA:153,0
DA:155,0
DA:157,0
DA:158,0
DA:161,0
DA:163,0
DA:164,0
DA:165,0
DA:168,0
DA:169,0
DA:173,0
DA:178,0
DA:179,0
DA:180,0
DA:182,0
DA:185,0
DA:190,0
DA:191,0
DA:192,0
DA:194,0
DA:196,0
DA:197,0
DA:198,0
DA:199,0
DA:202,0
DA:204,0
DA:207,0
DA:212,0
DA:213,0
DA:214,0
DA:216,0
DA:219,0
DA:221,0
DA:224,0
DA:229,0
DA:230,0
DA:231,0
DA:236,0
DA:237,0
DA:248,0
DA:251,0
DA:258,0
DA:259,0
DA:260,0
DA:262,0
DA:264,0
DA:265,0
DA:268,0
DA:271,0
DA:276,0
DA:277,0
DA:278,0
DA:280,0
DA:281,0
DA:287,0
DA:293,0
DA:295,0
DA:308,0
DA:310,0
DA:311,0
DA:314,0
DA:317,0
DA:318,0
DA:323,0
DA:324,0
DA:325,0
DA:327,0
DA:328,0
DA:329,0
DA:332,0
DA:333,0
DA:336,0
DA:337,0
DA:339,0
DA:344,0
DA:347,0
DA:348,0
DA:353,2
LF:145
LH:40
BRDA:21,0,0,0
BRDA:21,0,1,1
BRDA:27,1,0,0
BRDA:27,1,1,1
BRDA:28,2,0,0
BRDA:28,2,1,0
BRDA:29,3,0,0
BRDA:29,3,1,0
BRDA:34,4,0,0
BRDA:34,4,1,1
BRDA:54,5,0,1
BRDA:54,5,1,1
BRDA:85,6,0,1
BRDA:85,6,1,4
BRDA:91,7,0,3
BRDA:91,7,1,1
BRDA:97,8,0,2
BRDA:97,8,1,1
BRDA:97,9,0,3
BRDA:97,9,1,2
BRDA:113,10,0,0
BRDA:113,10,1,0
BRDA:133,11,0,0
BRDA:133,11,1,0
BRDA:139,12,0,0
BRDA:139,12,1,0
BRDA:157,13,0,0
BRDA:157,13,1,0
BRDA:164,14,0,0
BRDA:164,14,1,0
BRDA:196,15,0,0
BRDA:196,15,1,0
BRDA:198,16,0,0
BRDA:198,16,1,0
BRDA:264,17,0,0
BRDA:264,17,1,0
BRDA:264,18,0,0
BRDA:264,18,1,0
BRDA:264,18,2,0
BRDA:264,18,3,0
BRDA:264,18,4,0
BRDA:264,18,5,0
BRDA:264,18,6,0
BRDA:264,18,7,0
BRDA:310,19,0,0
BRDA:310,19,1,0
BRDA:328,20,0,0
BRDA:328,20,1,0
BRDA:332,21,0,0
BRDA:332,21,1,0
BRF:50
BRH:13
end_of_record
TN:
SF:helpers\bcrypt.js
FN:4,(anonymous_0)
FN:7,(anonymous_1)
FNF:2
FNH:2
FNDA:4,(anonymous_0)
FNDA:2,(anonymous_1)
DA:1,2
DA:3,2
DA:5,4
DA:8,2
LF:4
LH:4
BRF:0
BRH:0
end_of_record
TN:
SF:helpers\jwt.js
FN:5,(anonymous_0)
FN:6,(anonymous_1)
FNF:2
FNH:1
FNDA:2,(anonymous_0)
FNDA:0,(anonymous_1)
DA:1,2
DA:2,2
DA:4,2
DA:5,2
DA:6,0
LF:5
LH:4
BRF:0
BRH:0
end_of_record
TN:
SF:middlewares\authentication.js
FN:4,authentication
FNF:1
FNH:0
FNDA:0,authentication
DA:1,2
DA:2,2
DA:5,0
DA:6,0
DA:8,0
DA:9,0
DA:12,0
DA:14,0
DA:15,0
DA:18,0
DA:19,0
DA:20,0
DA:22,0
DA:23,0
DA:26,0
DA:27,0
DA:30,0
DA:34,2
LF:18
LH:3
BRDA:8,0,0,0
BRDA:8,0,1,0
BRDA:14,1,0,0
BRDA:14,1,1,0
BRDA:14,2,0,0
BRDA:14,2,1,0
BRDA:22,3,0,0
BRDA:22,3,1,0
BRF:8
BRH:0
end_of_record
TN:
SF:middlewares\error-handler.js
FN:1,errorHandler
FNF:1
FNH:1
FNDA:11,errorHandler
DA:2,11
DA:3,6
DA:4,5
DA:5,1
DA:6,4
DA:7,1
DA:8,3
DA:9,0
DA:10,3
DA:11,2
DA:12,1
DA:13,0
DA:14,1
DA:15,0
DA:16,1
DA:17,0
DA:18,1
DA:19,0
DA:20,1
DA:21,1
DA:23,0
DA:27,2
LF:22
LH:16
BRDA:2,0,0,6
BRDA:2,0,1,5
BRDA:2,1,0,11
BRDA:2,1,1,6
BRDA:4,2,0,1
BRDA:4,2,1,4
BRDA:6,3,0,1
BRDA:6,3,1,3
BRDA:8,4,0,0
BRDA:8,4,1,3
BRDA:10,5,0,2
BRDA:10,5,1,1
BRDA:12,6,0,0
BRDA:12,6,1,1
BRDA:14,7,0,0
BRDA:14,7,1,1
BRDA:16,8,0,0
BRDA:16,8,1,1
BRDA:18,9,0,0
BRDA:18,9,1,1
BRDA:20,10,0,1
BRDA:20,10,1,0
BRF:22
BRH:16
end_of_record
TN:
SF:models\animal.js
FN:5,(anonymous_0)
FN:7,(anonymous_1)
FN:30,(anonymous_2)
FNF:3
FNH:2
FNDA:2,(anonymous_0)
FNDA:2,(anonymous_1)
FNDA:0,(anonymous_2)
DA:4,2
DA:5,2
DA:8,2
DA:11,2
DA:31,0
DA:35,2
LF:6
LH:5
BRF:0
BRH:0
end_of_record
TN:
SF:models\index.js
FN:21,(anonymous_0)
FN:29,(anonymous_1)
FN:34,(anonymous_2)
FNF:3
FNH:3
FNDA:8,(anonymous_0)
FNDA:6,(anonymous_1)
FNDA:6,(anonymous_2)
DA:3,2
DA:4,2
DA:5,2
DA:6,2
DA:7,2
DA:8,2
DA:9,2
DA:10,2
DA:13,2
DA:14,0
DA:16,2
DA:19,2
DA:22,8
DA:30,6
DA:31,6
DA:34,2
DA:35,6
DA:36,6
DA:40,2
DA:41,2
DA:43,2
LF:21
LH:20
BRDA:8,0,0,2
BRDA:8,0,1,0
BRDA:13,1,0,0
BRDA:13,1,1,2
BRDA:23,2,0,8
BRDA:23,2,1,8
BRDA:23,2,2,6
BRDA:23,2,3,6
BRDA:35,3,0,6
BRDA:35,3,1,0
BRF:10
BRH:7
end_of_record
TN:
SF:models\transaction.js
FN:5,(anonymous_0)
FN:7,(anonymous_1)
FN:22,(anonymous_2)
FNF:3
FNH:2
FNDA:2,(anonymous_0)
FNDA:2,(anonymous_1)
FNDA:0,(anonymous_2)
DA:4,2
DA:5,2
DA:8,2
DA:9,2
DA:12,2
DA:23,0
DA:27,2
LF:7
LH:6
BRF:0
BRH:0
end_of_record
TN:
SF:models\user.js
FN:9,(anonymous_0)
FN:11,(anonymous_1)
FN:15,(anonymous_2)
FN:31,(anonymous_3)
FN:95,(anonymous_4)
FNF:5
FNH:3
FNDA:2,(anonymous_0)
FNDA:2,(anonymous_1)
FNDA:0,(anonymous_2)
FNDA:0,(anonymous_3)
FNDA:3,(anonymous_4)
DA:3,2
DA:4,2
DA:8,2
DA:9,2
DA:12,2
DA:16,0
DA:24,0
DA:31,0
DA:32,0
DA:33,0
DA:35,0
DA:40,2
DA:96,3
DA:97,3
DA:102,2
LF:15
LH:9
BRDA:32,0,0,0
BRDA:32,0,1,0
BRDA:96,1,0,3
BRDA:96,1,1,0
BRF:4
BRH:1
end_of_record
TN:
SF:routers\animals.js
FNF:0
FNH:0
DA:1,2
DA:2,2
DA:3,2
DA:5,2
DA:6,2
DA:8,2
LF:6
LH:6
BRF:0
BRH:0
end_of_record
TN:
SF:routers\index.js
FNF:0
FNH:0
DA:1,2
DA:2,2
DA:3,2
DA:4,2
DA:5,2
DA:6,2
DA:8,2
DA:9,2
DA:11,2
DA:12,2
DA:14,2
DA:15,2
DA:16,2
DA:17,2
DA:18,2
DA:19,2
DA:21,2
DA:22,2
DA:23,2
DA:25,2
DA:27,2
LF:21
LH:21
BRF:0
BRH:0
end_of_record
TN:
SF:routers\transactions.js
FNF:0
FNH:0
DA:1,2
DA:2,2
DA:3,2
DA:5,2
DA:6,2
DA:7,2
DA:9,2
LF:7
LH:7
BRF:0
BRH:0
end_of_record
TN:
SF:routers\users.js
FNF:0
FNH:0
DA:1,2
DA:2,2
DA:3,2
DA:5,2
DA:6,2
DA:7,2
DA:9,2
LF:7
LH:7
BRF:0
BRH:0
end_of_record
